{"/Users/anthamorious/Desktop/Volunteering-Web-App-1/new_vol_app/app.js": {"path":"/Users/anthamorious/Desktop/Volunteering-Web-App-1/new_vol_app/app.js","statementMap":{"0":{"start":{"line":1,"column":16},"end":{"line":1,"column":34}},"1":{"start":{"line":2,"column":13},"end":{"line":2,"column":28}},"2":{"start":{"line":3,"column":0},"end":{"line":3,"column":27}},"3":{"start":{"line":5,"column":12},"end":{"line":5,"column":21}},"4":{"start":{"line":8,"column":0},"end":{"line":8,"column":49}},"5":{"start":{"line":9,"column":0},"end":{"line":9,"column":24}},"6":{"start":{"line":10,"column":0},"end":{"line":10,"column":56}},"7":{"start":{"line":13,"column":0},"end":{"line":13,"column":30}},"8":{"start":{"line":14,"column":0},"end":{"line":14,"column":48}},"9":{"start":{"line":17,"column":0},"end":{"line":19,"column":3}},"10":{"start":{"line":18,"column":4},"end":{"line":18,"column":22}},"11":{"start":{"line":22,"column":0},"end":{"line":24,"column":3}},"12":{"start":{"line":23,"column":4},"end":{"line":23,"column":67}},"13":{"start":{"line":25,"column":0},"end":{"line":27,"column":3}},"14":{"start":{"line":26,"column":4},"end":{"line":26,"column":64}},"15":{"start":{"line":28,"column":0},"end":{"line":30,"column":3}},"16":{"start":{"line":29,"column":4},"end":{"line":29,"column":65}},"17":{"start":{"line":31,"column":0},"end":{"line":33,"column":3}},"18":{"start":{"line":32,"column":4},"end":{"line":32,"column":72}},"19":{"start":{"line":34,"column":0},"end":{"line":36,"column":3}},"20":{"start":{"line":35,"column":4},"end":{"line":35,"column":63}},"21":{"start":{"line":37,"column":0},"end":{"line":39,"column":3}},"22":{"start":{"line":38,"column":4},"end":{"line":38,"column":64}},"23":{"start":{"line":40,"column":0},"end":{"line":42,"column":3}},"24":{"start":{"line":41,"column":4},"end":{"line":41,"column":78}},"25":{"start":{"line":45,"column":0},"end":{"line":45,"column":49}},"26":{"start":{"line":46,"column":0},"end":{"line":46,"column":53}},"27":{"start":{"line":47,"column":0},"end":{"line":47,"column":51}},"28":{"start":{"line":48,"column":0},"end":{"line":48,"column":45}},"29":{"start":{"line":52,"column":13},"end":{"line":52,"column":37}},"30":{"start":{"line":53,"column":0},"end":{"line":55,"column":3}},"31":{"start":{"line":54,"column":4},"end":{"line":54,"column":62}}},"fnMap":{"0":{"name":"(anonymous_0)","decl":{"start":{"line":17,"column":34},"end":{"line":17,"column":35}},"loc":{"start":{"line":17,"column":48},"end":{"line":19,"column":1}},"line":17},"1":{"name":"(anonymous_1)","decl":{"start":{"line":22,"column":29},"end":{"line":22,"column":30}},"loc":{"start":{"line":22,"column":43},"end":{"line":24,"column":1}},"line":22},"2":{"name":"(anonymous_2)","decl":{"start":{"line":25,"column":20},"end":{"line":25,"column":21}},"loc":{"start":{"line":25,"column":34},"end":{"line":27,"column":1}},"line":25},"3":{"name":"(anonymous_3)","decl":{"start":{"line":28,"column":29},"end":{"line":28,"column":30}},"loc":{"start":{"line":28,"column":43},"end":{"line":30,"column":1}},"line":28},"4":{"name":"(anonymous_4)","decl":{"start":{"line":31,"column":28},"end":{"line":31,"column":29}},"loc":{"start":{"line":31,"column":42},"end":{"line":33,"column":1}},"line":31},"5":{"name":"(anonymous_5)","decl":{"start":{"line":34,"column":19},"end":{"line":34,"column":20}},"loc":{"start":{"line":34,"column":33},"end":{"line":36,"column":1}},"line":34},"6":{"name":"(anonymous_6)","decl":{"start":{"line":37,"column":28},"end":{"line":37,"column":29}},"loc":{"start":{"line":37,"column":42},"end":{"line":39,"column":1}},"line":37},"7":{"name":"(anonymous_7)","decl":{"start":{"line":40,"column":30},"end":{"line":40,"column":31}},"loc":{"start":{"line":40,"column":44},"end":{"line":42,"column":1}},"line":40},"8":{"name":"(anonymous_8)","decl":{"start":{"line":53,"column":17},"end":{"line":53,"column":18}},"loc":{"start":{"line":53,"column":23},"end":{"line":55,"column":1}},"line":53}},"branchMap":{"0":{"loc":{"start":{"line":52,"column":13},"end":{"line":52,"column":37}},"type":"binary-expr","locations":[{"start":{"line":52,"column":13},"end":{"line":52,"column":29}},{"start":{"line":52,"column":33},"end":{"line":52,"column":37}}],"line":52}},"s":{"0":0,"1":0,"2":0,"3":0,"4":0,"5":0,"6":0,"7":0,"8":0,"9":0,"10":0,"11":0,"12":0,"13":0,"14":0,"15":0,"16":0,"17":0,"18":0,"19":0,"20":0,"21":0,"22":0,"23":0,"24":0,"25":0,"26":0,"27":0,"28":0,"29":0,"30":0,"31":0},"f":{"0":0,"1":0,"2":0,"3":0,"4":0,"5":0,"6":0,"7":0,"8":0},"b":{"0":[0,0]}}
,"/Users/anthamorious/Desktop/Volunteering-Web-App-1/new_vol_app/routes/UPM.js": {"path":"/Users/anthamorious/Desktop/Volunteering-Web-App-1/new_vol_app/routes/UPM.js","statementMap":{"0":{"start":{"line":1,"column":16},"end":{"line":1,"column":34}},"1":{"start":{"line":2,"column":15},"end":{"line":2,"column":31}},"2":{"start":{"line":3,"column":11},"end":{"line":3,"column":34}},"3":{"start":{"line":5,"column":0},"end":{"line":17,"column":3}},"4":{"start":{"line":6,"column":18},"end":{"line":6,"column":166}},"5":{"start":{"line":7,"column":19},"end":{"line":7,"column":219}},"6":{"start":{"line":9,"column":4},"end":{"line":16,"column":7}},"7":{"start":{"line":10,"column":8},"end":{"line":14,"column":9}},"8":{"start":{"line":11,"column":12},"end":{"line":11,"column":57}},"9":{"start":{"line":12,"column":12},"end":{"line":12,"column":51}},"10":{"start":{"line":13,"column":12},"end":{"line":13,"column":19}},"11":{"start":{"line":15,"column":8},"end":{"line":15,"column":55}},"12":{"start":{"line":19,"column":0},"end":{"line":19,"column":24}}},"fnMap":{"0":{"name":"(anonymous_0)","decl":{"start":{"line":5,"column":20},"end":{"line":5,"column":21}},"loc":{"start":{"line":5,"column":34},"end":{"line":17,"column":1}},"line":5},"1":{"name":"(anonymous_1)","decl":{"start":{"line":9,"column":28},"end":{"line":9,"column":29}},"loc":{"start":{"line":9,"column":46},"end":{"line":16,"column":5}},"line":9}},"branchMap":{"0":{"loc":{"start":{"line":10,"column":8},"end":{"line":14,"column":9}},"type":"if","locations":[{"start":{"line":10,"column":8},"end":{"line":14,"column":9}},{"start":{},"end":{}}],"line":10}},"s":{"0":1,"1":1,"2":1,"3":1,"4":2,"5":2,"6":2,"7":2,"8":1,"9":1,"10":1,"11":1,"12":1},"f":{"0":2,"1":2},"b":{"0":[1,1]},"_coverageSchema":"1a1c01bbd47fc00a2c39e90264f33305004495a9","hash":"a97b28e8276219616af492ec0cc9b287e0e783e2"}
,"/Users/anthamorious/Desktop/Volunteering-Web-App-1/new_vol_app/routes/event_management.js": {"path":"/Users/anthamorious/Desktop/Volunteering-Web-App-1/new_vol_app/routes/event_management.js","statementMap":{"0":{"start":{"line":2,"column":16},"end":{"line":2,"column":34}},"1":{"start":{"line":3,"column":15},"end":{"line":3,"column":31}},"2":{"start":{"line":4,"column":11},"end":{"line":4,"column":47}},"3":{"start":{"line":5,"column":13},"end":{"line":5,"column":28}},"4":{"start":{"line":8,"column":0},"end":{"line":10,"column":3}},"5":{"start":{"line":9,"column":4},"end":{"line":9,"column":69}},"6":{"start":{"line":13,"column":0},"end":{"line":21,"column":3}},"7":{"start":{"line":14,"column":4},"end":{"line":20,"column":7}},"8":{"start":{"line":15,"column":8},"end":{"line":19,"column":9}},"9":{"start":{"line":16,"column":12},"end":{"line":16,"column":40}},"10":{"start":{"line":18,"column":12},"end":{"line":18,"column":30}},"11":{"start":{"line":24,"column":0},"end":{"line":36,"column":3}},"12":{"start":{"line":25,"column":141},"end":{"line":25,"column":149}},"13":{"start":{"line":26,"column":4},"end":{"line":26,"column":44}},"14":{"start":{"line":27,"column":4},"end":{"line":35,"column":7}},"15":{"start":{"line":28,"column":8},"end":{"line":34,"column":9}},"16":{"start":{"line":29,"column":12},"end":{"line":29,"column":59}},"17":{"start":{"line":30,"column":12},"end":{"line":30,"column":40}},"18":{"start":{"line":32,"column":12},"end":{"line":32,"column":66}},"19":{"start":{"line":33,"column":12},"end":{"line":33,"column":77}},"20":{"start":{"line":38,"column":0},"end":{"line":38,"column":24}}},"fnMap":{"0":{"name":"(anonymous_0)","decl":{"start":{"line":8,"column":16},"end":{"line":8,"column":17}},"loc":{"start":{"line":8,"column":30},"end":{"line":10,"column":1}},"line":8},"1":{"name":"(anonymous_1)","decl":{"start":{"line":13,"column":29},"end":{"line":13,"column":30}},"loc":{"start":{"line":13,"column":43},"end":{"line":21,"column":1}},"line":13},"2":{"name":"(anonymous_2)","decl":{"start":{"line":14,"column":44},"end":{"line":14,"column":45}},"loc":{"start":{"line":14,"column":64},"end":{"line":20,"column":5}},"line":14},"3":{"name":"(anonymous_3)","decl":{"start":{"line":24,"column":23},"end":{"line":24,"column":24}},"loc":{"start":{"line":24,"column":37},"end":{"line":36,"column":1}},"line":24},"4":{"name":"(anonymous_4)","decl":{"start":{"line":27,"column":351},"end":{"line":27,"column":352}},"loc":{"start":{"line":27,"column":371},"end":{"line":35,"column":5}},"line":27}},"branchMap":{"0":{"loc":{"start":{"line":15,"column":8},"end":{"line":19,"column":9}},"type":"if","locations":[{"start":{"line":15,"column":8},"end":{"line":19,"column":9}},{"start":{"line":17,"column":15},"end":{"line":19,"column":9}}],"line":15},"1":{"loc":{"start":{"line":28,"column":8},"end":{"line":34,"column":9}},"type":"if","locations":[{"start":{"line":28,"column":8},"end":{"line":34,"column":9}},{"start":{"line":31,"column":15},"end":{"line":34,"column":9}}],"line":28}},"s":{"0":1,"1":1,"2":1,"3":1,"4":1,"5":1,"6":1,"7":2,"8":2,"9":1,"10":1,"11":1,"12":2,"13":2,"14":2,"15":2,"16":1,"17":1,"18":1,"19":1,"20":1},"f":{"0":1,"1":2,"2":2,"3":2,"4":2},"b":{"0":[1,1],"1":[1,1]},"_coverageSchema":"1a1c01bbd47fc00a2c39e90264f33305004495a9","hash":"bfe888c86e530a008f7b4538482f2ef5a0b6d614"}
,"/Users/anthamorious/Desktop/Volunteering-Web-App-1/new_vol_app/routes/login.js": {"path":"/Users/anthamorious/Desktop/Volunteering-Web-App-1/new_vol_app/routes/login.js","statementMap":{"0":{"start":{"line":2,"column":16},"end":{"line":2,"column":34}},"1":{"start":{"line":3,"column":15},"end":{"line":3,"column":31}},"2":{"start":{"line":4,"column":15},"end":{"line":4,"column":32}},"3":{"start":{"line":5,"column":11},"end":{"line":5,"column":36}},"4":{"start":{"line":8,"column":0},"end":{"line":10,"column":3}},"5":{"start":{"line":9,"column":4},"end":{"line":9,"column":24}},"6":{"start":{"line":13,"column":0},"end":{"line":38,"column":3}},"7":{"start":{"line":14,"column":4},"end":{"line":37,"column":5}},"8":{"start":{"line":15,"column":22},"end":{"line":23,"column":10}},"9":{"start":{"line":16,"column":12},"end":{"line":22,"column":15}},"10":{"start":{"line":17,"column":16},"end":{"line":21,"column":17}},"11":{"start":{"line":18,"column":20},"end":{"line":18,"column":34}},"12":{"start":{"line":20,"column":20},"end":{"line":20,"column":40}},"13":{"start":{"line":25,"column":8},"end":{"line":34,"column":9}},"14":{"start":{"line":26,"column":12},"end":{"line":26,"column":40}},"15":{"start":{"line":28,"column":36},"end":{"line":28,"column":91}},"16":{"start":{"line":29,"column":12},"end":{"line":33,"column":13}},"17":{"start":{"line":30,"column":16},"end":{"line":30,"column":43}},"18":{"start":{"line":32,"column":16},"end":{"line":32,"column":46}},"19":{"start":{"line":36,"column":8},"end":{"line":36,"column":39}},"20":{"start":{"line":40,"column":0},"end":{"line":40,"column":24}}},"fnMap":{"0":{"name":"(anonymous_0)","decl":{"start":{"line":8,"column":16},"end":{"line":8,"column":17}},"loc":{"start":{"line":8,"column":30},"end":{"line":10,"column":1}},"line":8},"1":{"name":"(anonymous_1)","decl":{"start":{"line":13,"column":17},"end":{"line":13,"column":18}},"loc":{"start":{"line":13,"column":37},"end":{"line":38,"column":1}},"line":13},"2":{"name":"(anonymous_2)","decl":{"start":{"line":15,"column":40},"end":{"line":15,"column":41}},"loc":{"start":{"line":15,"column":61},"end":{"line":23,"column":9}},"line":15},"3":{"name":"(anonymous_3)","decl":{"start":{"line":16,"column":94},"end":{"line":16,"column":95}},"loc":{"start":{"line":16,"column":114},"end":{"line":22,"column":13}},"line":16}},"branchMap":{"0":{"loc":{"start":{"line":17,"column":16},"end":{"line":21,"column":17}},"type":"if","locations":[{"start":{"line":17,"column":16},"end":{"line":21,"column":17}},{"start":{"line":19,"column":23},"end":{"line":21,"column":17}}],"line":17},"1":{"loc":{"start":{"line":25,"column":8},"end":{"line":34,"column":9}},"type":"if","locations":[{"start":{"line":25,"column":8},"end":{"line":34,"column":9}},{"start":{"line":27,"column":15},"end":{"line":34,"column":9}}],"line":25},"2":{"loc":{"start":{"line":29,"column":12},"end":{"line":33,"column":13}},"type":"if","locations":[{"start":{"line":29,"column":12},"end":{"line":33,"column":13}},{"start":{"line":31,"column":19},"end":{"line":33,"column":13}}],"line":29}},"s":{"0":2,"1":2,"2":2,"3":2,"4":2,"5":1,"6":2,"7":4,"8":4,"9":4,"10":4,"11":1,"12":3,"13":3,"14":1,"15":2,"16":2,"17":1,"18":1,"19":1,"20":2},"f":{"0":1,"1":4,"2":4,"3":4},"b":{"0":[1,3],"1":[1,2],"2":[1,1]},"_coverageSchema":"1a1c01bbd47fc00a2c39e90264f33305004495a9","hash":"baaf32f9e32a88d60dd9976f0ca1729bcb947eb3"}
,"/Users/anthamorious/Desktop/Volunteering-Web-App-1/new_vol_app/routes/register.js": {"path":"/Users/anthamorious/Desktop/Volunteering-Web-App-1/new_vol_app/routes/register.js","statementMap":{"0":{"start":{"line":1,"column":16},"end":{"line":1,"column":34}},"1":{"start":{"line":2,"column":15},"end":{"line":2,"column":31}},"2":{"start":{"line":3,"column":15},"end":{"line":3,"column":32}},"3":{"start":{"line":4,"column":11},"end":{"line":4,"column":39}},"4":{"start":{"line":7,"column":0},"end":{"line":9,"column":3}},"5":{"start":{"line":8,"column":4},"end":{"line":8,"column":27}},"6":{"start":{"line":12,"column":0},"end":{"line":44,"column":3}},"7":{"start":{"line":13,"column":35},"end":{"line":13,"column":43}},"8":{"start":{"line":15,"column":4},"end":{"line":18,"column":5}},"9":{"start":{"line":16,"column":8},"end":{"line":16,"column":65}},"10":{"start":{"line":17,"column":8},"end":{"line":17,"column":15}},"11":{"start":{"line":20,"column":4},"end":{"line":43,"column":7}},"12":{"start":{"line":21,"column":8},"end":{"line":24,"column":9}},"13":{"start":{"line":22,"column":12},"end":{"line":22,"column":58}},"14":{"start":{"line":23,"column":12},"end":{"line":23,"column":19}},"15":{"start":{"line":25,"column":8},"end":{"line":42,"column":9}},"16":{"start":{"line":26,"column":12},"end":{"line":26,"column":88}},"17":{"start":{"line":28,"column":12},"end":{"line":41,"column":13}},"18":{"start":{"line":29,"column":35},"end":{"line":29,"column":37}},"19":{"start":{"line":30,"column":39},"end":{"line":30,"column":78}},"20":{"start":{"line":32,"column":16},"end":{"line":38,"column":19}},"21":{"start":{"line":33,"column":20},"end":{"line":37,"column":21}},"22":{"start":{"line":34,"column":24},"end":{"line":34,"column":70}},"23":{"start":{"line":36,"column":24},"end":{"line":36,"column":65}},"24":{"start":{"line":40,"column":16},"end":{"line":40,"column":62}},"25":{"start":{"line":46,"column":0},"end":{"line":46,"column":24}}},"fnMap":{"0":{"name":"(anonymous_0)","decl":{"start":{"line":7,"column":16},"end":{"line":7,"column":17}},"loc":{"start":{"line":7,"column":30},"end":{"line":9,"column":1}},"line":7},"1":{"name":"(anonymous_1)","decl":{"start":{"line":12,"column":17},"end":{"line":12,"column":18}},"loc":{"start":{"line":12,"column":37},"end":{"line":44,"column":1}},"line":12},"2":{"name":"(anonymous_2)","decl":{"start":{"line":20,"column":77},"end":{"line":20,"column":78}},"loc":{"start":{"line":20,"column":103},"end":{"line":43,"column":5}},"line":20},"3":{"name":"(anonymous_3)","decl":{"start":{"line":32,"column":119},"end":{"line":32,"column":120}},"loc":{"start":{"line":32,"column":130},"end":{"line":38,"column":17}},"line":32}},"branchMap":{"0":{"loc":{"start":{"line":15,"column":4},"end":{"line":18,"column":5}},"type":"if","locations":[{"start":{"line":15,"column":4},"end":{"line":18,"column":5}},{"start":{},"end":{}}],"line":15},"1":{"loc":{"start":{"line":15,"column":8},"end":{"line":15,"column":30}},"type":"binary-expr","locations":[{"start":{"line":15,"column":8},"end":{"line":15,"column":17}},{"start":{"line":15,"column":21},"end":{"line":15,"column":30}}],"line":15},"2":{"loc":{"start":{"line":21,"column":8},"end":{"line":24,"column":9}},"type":"if","locations":[{"start":{"line":21,"column":8},"end":{"line":24,"column":9}},{"start":{},"end":{}}],"line":21},"3":{"loc":{"start":{"line":25,"column":8},"end":{"line":42,"column":9}},"type":"if","locations":[{"start":{"line":25,"column":8},"end":{"line":42,"column":9}},{"start":{"line":27,"column":15},"end":{"line":42,"column":9}}],"line":25},"4":{"loc":{"start":{"line":33,"column":20},"end":{"line":37,"column":21}},"type":"if","locations":[{"start":{"line":33,"column":20},"end":{"line":37,"column":21}},{"start":{"line":35,"column":27},"end":{"line":37,"column":21}}],"line":33}},"s":{"0":2,"1":2,"2":2,"3":2,"4":2,"5":0,"6":2,"7":7,"8":7,"9":2,"10":2,"11":5,"12":5,"13":1,"14":1,"15":4,"16":1,"17":3,"18":3,"19":3,"20":2,"21":2,"22":1,"23":1,"24":1,"25":2},"f":{"0":0,"1":7,"2":5,"3":2},"b":{"0":[2,5],"1":[7,6],"2":[1,4],"3":[1,3],"4":[1,1]},"_coverageSchema":"1a1c01bbd47fc00a2c39e90264f33305004495a9","hash":"b66129391f515e062a346a2a83769cda2b9edc1e"}
,"/Users/anthamorious/Desktop/Volunteering-Web-App-1/new_vol_app/routes/vol_history.js": {"path":"/Users/anthamorious/Desktop/Volunteering-Web-App-1/new_vol_app/routes/vol_history.js","statementMap":{"0":{"start":{"line":1,"column":16},"end":{"line":1,"column":34}},"1":{"start":{"line":2,"column":15},"end":{"line":2,"column":31}},"2":{"start":{"line":3,"column":11},"end":{"line":3,"column":42}},"3":{"start":{"line":4,"column":13},"end":{"line":4,"column":28}},"4":{"start":{"line":7,"column":0},"end":{"line":21,"column":3}},"5":{"start":{"line":8,"column":4},"end":{"line":20,"column":6}},"6":{"start":{"line":13,"column":12},"end":{"line":17,"column":13}},"7":{"start":{"line":14,"column":16},"end":{"line":14,"column":61}},"8":{"start":{"line":15,"column":16},"end":{"line":15,"column":62}},"9":{"start":{"line":16,"column":16},"end":{"line":16,"column":23}},"10":{"start":{"line":18,"column":12},"end":{"line":18,"column":30}},"11":{"start":{"line":24,"column":0},"end":{"line":27,"column":3}},"12":{"start":{"line":25,"column":4},"end":{"line":25,"column":73}},"13":{"start":{"line":29,"column":0},"end":{"line":29,"column":24}}},"fnMap":{"0":{"name":"(anonymous_0)","decl":{"start":{"line":7,"column":27},"end":{"line":7,"column":28}},"loc":{"start":{"line":7,"column":41},"end":{"line":21,"column":1}},"line":7},"1":{"name":"(anonymous_1)","decl":{"start":{"line":12,"column":8},"end":{"line":12,"column":9}},"loc":{"start":{"line":12,"column":28},"end":{"line":19,"column":9}},"line":12},"2":{"name":"(anonymous_2)","decl":{"start":{"line":24,"column":33},"end":{"line":24,"column":34}},"loc":{"start":{"line":24,"column":47},"end":{"line":27,"column":1}},"line":24}},"branchMap":{"0":{"loc":{"start":{"line":13,"column":12},"end":{"line":17,"column":13}},"type":"if","locations":[{"start":{"line":13,"column":12},"end":{"line":17,"column":13}},{"start":{},"end":{}}],"line":13}},"s":{"0":2,"1":2,"2":2,"3":2,"4":2,"5":2,"6":2,"7":1,"8":1,"9":1,"10":1,"11":2,"12":1,"13":2},"f":{"0":2,"1":2,"2":1},"b":{"0":[1,1]},"_coverageSchema":"1a1c01bbd47fc00a2c39e90264f33305004495a9","hash":"51c6fb36da1c31e58b24db817411d7890a85e9b8"}
,"/Users/anthamorious/Desktop/Volunteering-Web-App-1/new_vol_app/routes/volunteer_matching.js": {"path":"/Users/anthamorious/Desktop/Volunteering-Web-App-1/new_vol_app/routes/volunteer_matching.js","statementMap":{"0":{"start":{"line":2,"column":16},"end":{"line":2,"column":34}},"1":{"start":{"line":3,"column":15},"end":{"line":3,"column":31}},"2":{"start":{"line":4,"column":14},"end":{"line":4,"column":31}},"3":{"start":{"line":7,"column":13},"end":{"line":15,"column":2}},"4":{"start":{"line":18,"column":22},"end":{"line":29,"column":1}},"5":{"start":{"line":19,"column":4},"end":{"line":28,"column":7}},"6":{"start":{"line":20,"column":8},"end":{"line":27,"column":11}},"7":{"start":{"line":21,"column":12},"end":{"line":26,"column":13}},"8":{"start":{"line":22,"column":16},"end":{"line":22,"column":51}},"9":{"start":{"line":23,"column":16},"end":{"line":23,"column":30}},"10":{"start":{"line":25,"column":16},"end":{"line":25,"column":33}},"11":{"start":{"line":32,"column":22},"end":{"line":34,"column":1}},"12":{"start":{"line":33,"column":4},"end":{"line":33,"column":67}},"13":{"start":{"line":37,"column":23},"end":{"line":39,"column":1}},"14":{"start":{"line":38,"column":4},"end":{"line":38,"column":64}},"15":{"start":{"line":41,"column":28},"end":{"line":41,"column":29}},"16":{"start":{"line":42,"column":24},"end":{"line":42,"column":25}},"17":{"start":{"line":45,"column":0},"end":{"line":62,"column":3}},"18":{"start":{"line":46,"column":4},"end":{"line":61,"column":5}},"19":{"start":{"line":47,"column":27},"end":{"line":47,"column":117}},"20":{"start":{"line":48,"column":26},"end":{"line":48,"column":39}},"21":{"start":{"line":49,"column":8},"end":{"line":58,"column":9}},"22":{"start":{"line":50,"column":12},"end":{"line":55,"column":15}},"23":{"start":{"line":57,"column":12},"end":{"line":57,"column":67}},"24":{"start":{"line":60,"column":8},"end":{"line":60,"column":65}},"25":{"start":{"line":65,"column":0},"end":{"line":77,"column":3}},"26":{"start":{"line":66,"column":4},"end":{"line":76,"column":5}},"27":{"start":{"line":67,"column":92},"end":{"line":67,"column":100}},"28":{"start":{"line":68,"column":59},"end":{"line":68,"column":87}},"29":{"start":{"line":69,"column":8},"end":{"line":72,"column":10}},"30":{"start":{"line":73,"column":8},"end":{"line":73,"column":40}},"31":{"start":{"line":75,"column":8},"end":{"line":75,"column":66}},"32":{"start":{"line":80,"column":0},"end":{"line":102,"column":3}},"33":{"start":{"line":81,"column":4},"end":{"line":101,"column":5}},"34":{"start":{"line":82,"column":28},"end":{"line":82,"column":92}},"35":{"start":{"line":83,"column":22},"end":{"line":83,"column":42}},"36":{"start":{"line":84,"column":8},"end":{"line":84,"column":68}},"37":{"start":{"line":86,"column":27},"end":{"line":86,"column":117}},"38":{"start":{"line":87,"column":26},"end":{"line":87,"column":39}},"39":{"start":{"line":88,"column":8},"end":{"line":97,"column":9}},"40":{"start":{"line":89,"column":12},"end":{"line":94,"column":15}},"41":{"start":{"line":96,"column":12},"end":{"line":96,"column":67}},"42":{"start":{"line":99,"column":8},"end":{"line":99,"column":62}},"43":{"start":{"line":100,"column":8},"end":{"line":100,"column":65}},"44":{"start":{"line":105,"column":0},"end":{"line":126,"column":3}},"45":{"start":{"line":106,"column":4},"end":{"line":125,"column":5}},"46":{"start":{"line":107,"column":28},"end":{"line":107,"column":92}},"47":{"start":{"line":108,"column":22},"end":{"line":108,"column":42}},"48":{"start":{"line":109,"column":8},"end":{"line":109,"column":76}},"49":{"start":{"line":111,"column":27},"end":{"line":111,"column":117}},"50":{"start":{"line":112,"column":26},"end":{"line":112,"column":39}},"51":{"start":{"line":113,"column":8},"end":{"line":122,"column":9}},"52":{"start":{"line":114,"column":12},"end":{"line":119,"column":15}},"53":{"start":{"line":121,"column":12},"end":{"line":121,"column":67}},"54":{"start":{"line":124,"column":8},"end":{"line":124,"column":65}},"55":{"start":{"line":129,"column":0},"end":{"line":146,"column":3}},"56":{"start":{"line":130,"column":4},"end":{"line":145,"column":5}},"57":{"start":{"line":131,"column":23},"end":{"line":131,"column":111}},"58":{"start":{"line":132,"column":22},"end":{"line":132,"column":31}},"59":{"start":{"line":133,"column":8},"end":{"line":142,"column":9}},"60":{"start":{"line":134,"column":12},"end":{"line":139,"column":15}},"61":{"start":{"line":141,"column":12},"end":{"line":141,"column":63}},"62":{"start":{"line":144,"column":8},"end":{"line":144,"column":65}},"63":{"start":{"line":149,"column":0},"end":{"line":170,"column":3}},"64":{"start":{"line":150,"column":4},"end":{"line":169,"column":5}},"65":{"start":{"line":151,"column":28},"end":{"line":151,"column":94}},"66":{"start":{"line":152,"column":22},"end":{"line":152,"column":42}},"67":{"start":{"line":153,"column":8},"end":{"line":153,"column":60}},"68":{"start":{"line":155,"column":23},"end":{"line":155,"column":111}},"69":{"start":{"line":156,"column":22},"end":{"line":156,"column":31}},"70":{"start":{"line":157,"column":8},"end":{"line":166,"column":9}},"71":{"start":{"line":158,"column":12},"end":{"line":163,"column":15}},"72":{"start":{"line":165,"column":12},"end":{"line":165,"column":63}},"73":{"start":{"line":168,"column":8},"end":{"line":168,"column":65}},"74":{"start":{"line":173,"column":0},"end":{"line":194,"column":3}},"75":{"start":{"line":174,"column":4},"end":{"line":193,"column":5}},"76":{"start":{"line":175,"column":28},"end":{"line":175,"column":94}},"77":{"start":{"line":176,"column":22},"end":{"line":176,"column":42}},"78":{"start":{"line":177,"column":8},"end":{"line":177,"column":68}},"79":{"start":{"line":179,"column":23},"end":{"line":179,"column":111}},"80":{"start":{"line":180,"column":22},"end":{"line":180,"column":31}},"81":{"start":{"line":181,"column":8},"end":{"line":190,"column":9}},"82":{"start":{"line":182,"column":12},"end":{"line":187,"column":15}},"83":{"start":{"line":189,"column":12},"end":{"line":189,"column":63}},"84":{"start":{"line":192,"column":8},"end":{"line":192,"column":65}},"85":{"start":{"line":196,"column":0},"end":{"line":196,"column":24}}},"fnMap":{"0":{"name":"(anonymous_0)","decl":{"start":{"line":18,"column":22},"end":{"line":18,"column":23}},"loc":{"start":{"line":18,"column":46},"end":{"line":29,"column":1}},"line":18},"1":{"name":"(anonymous_1)","decl":{"start":{"line":19,"column":23},"end":{"line":19,"column":24}},"loc":{"start":{"line":19,"column":44},"end":{"line":28,"column":5}},"line":19},"2":{"name":"(anonymous_2)","decl":{"start":{"line":20,"column":34},"end":{"line":20,"column":35}},"loc":{"start":{"line":20,"column":54},"end":{"line":27,"column":9}},"line":20},"3":{"name":"(anonymous_3)","decl":{"start":{"line":32,"column":22},"end":{"line":32,"column":23}},"loc":{"start":{"line":32,"column":68},"end":{"line":34,"column":1}},"line":32},"4":{"name":"(anonymous_4)","decl":{"start":{"line":37,"column":23},"end":{"line":37,"column":24}},"loc":{"start":{"line":37,"column":67},"end":{"line":39,"column":1}},"line":37},"5":{"name":"(anonymous_5)","decl":{"start":{"line":45,"column":37},"end":{"line":45,"column":38}},"loc":{"start":{"line":45,"column":57},"end":{"line":62,"column":1}},"line":45},"6":{"name":"(anonymous_6)","decl":{"start":{"line":65,"column":38},"end":{"line":65,"column":39}},"loc":{"start":{"line":65,"column":58},"end":{"line":77,"column":1}},"line":65},"7":{"name":"(anonymous_7)","decl":{"start":{"line":80,"column":34},"end":{"line":80,"column":35}},"loc":{"start":{"line":80,"column":54},"end":{"line":102,"column":1}},"line":80},"8":{"name":"(anonymous_8)","decl":{"start":{"line":105,"column":38},"end":{"line":105,"column":39}},"loc":{"start":{"line":105,"column":58},"end":{"line":126,"column":1}},"line":105},"9":{"name":"(anonymous_9)","decl":{"start":{"line":129,"column":33},"end":{"line":129,"column":34}},"loc":{"start":{"line":129,"column":53},"end":{"line":146,"column":1}},"line":129},"10":{"name":"(anonymous_10)","decl":{"start":{"line":149,"column":30},"end":{"line":149,"column":31}},"loc":{"start":{"line":149,"column":50},"end":{"line":170,"column":1}},"line":149},"11":{"name":"(anonymous_11)","decl":{"start":{"line":173,"column":34},"end":{"line":173,"column":35}},"loc":{"start":{"line":173,"column":54},"end":{"line":194,"column":1}},"line":173}},"branchMap":{"0":{"loc":{"start":{"line":8,"column":10},"end":{"line":8,"column":44}},"type":"binary-expr","locations":[{"start":{"line":8,"column":10},"end":{"line":8,"column":29}},{"start":{"line":8,"column":33},"end":{"line":8,"column":44}}],"line":8},"1":{"loc":{"start":{"line":9,"column":10},"end":{"line":9,"column":35}},"type":"binary-expr","locations":[{"start":{"line":9,"column":10},"end":{"line":9,"column":29}},{"start":{"line":9,"column":33},"end":{"line":9,"column":35}}],"line":9},"2":{"loc":{"start":{"line":10,"column":14},"end":{"line":10,"column":43}},"type":"binary-expr","locations":[{"start":{"line":10,"column":14},"end":{"line":10,"column":37}},{"start":{"line":10,"column":41},"end":{"line":10,"column":43}}],"line":10},"3":{"loc":{"start":{"line":11,"column":14},"end":{"line":11,"column":46}},"type":"binary-expr","locations":[{"start":{"line":11,"column":14},"end":{"line":11,"column":33}},{"start":{"line":11,"column":37},"end":{"line":11,"column":46}}],"line":11},"4":{"loc":{"start":{"line":18,"column":30},"end":{"line":18,"column":41}},"type":"default-arg","locations":[{"start":{"line":18,"column":39},"end":{"line":18,"column":41}}],"line":18},"5":{"loc":{"start":{"line":21,"column":12},"end":{"line":26,"column":13}},"type":"if","locations":[{"start":{"line":21,"column":12},"end":{"line":26,"column":13}},{"start":{"line":24,"column":19},"end":{"line":26,"column":13}}],"line":21},"6":{"loc":{"start":{"line":49,"column":8},"end":{"line":58,"column":9}},"type":"if","locations":[{"start":{"line":49,"column":8},"end":{"line":58,"column":9}},{"start":{"line":56,"column":15},"end":{"line":58,"column":9}}],"line":49},"7":{"loc":{"start":{"line":88,"column":8},"end":{"line":97,"column":9}},"type":"if","locations":[{"start":{"line":88,"column":8},"end":{"line":97,"column":9}},{"start":{"line":95,"column":15},"end":{"line":97,"column":9}}],"line":88},"8":{"loc":{"start":{"line":113,"column":8},"end":{"line":122,"column":9}},"type":"if","locations":[{"start":{"line":113,"column":8},"end":{"line":122,"column":9}},{"start":{"line":120,"column":15},"end":{"line":122,"column":9}}],"line":113},"9":{"loc":{"start":{"line":133,"column":8},"end":{"line":142,"column":9}},"type":"if","locations":[{"start":{"line":133,"column":8},"end":{"line":142,"column":9}},{"start":{"line":140,"column":15},"end":{"line":142,"column":9}}],"line":133},"10":{"loc":{"start":{"line":157,"column":8},"end":{"line":166,"column":9}},"type":"if","locations":[{"start":{"line":157,"column":8},"end":{"line":166,"column":9}},{"start":{"line":164,"column":15},"end":{"line":166,"column":9}}],"line":157},"11":{"loc":{"start":{"line":181,"column":8},"end":{"line":190,"column":9}},"type":"if","locations":[{"start":{"line":181,"column":8},"end":{"line":190,"column":9}},{"start":{"line":188,"column":15},"end":{"line":190,"column":9}}],"line":181}},"s":{"0":2,"1":2,"2":2,"3":2,"4":2,"5":18,"6":18,"7":18,"8":5,"9":5,"10":13,"11":2,"12":3,"13":2,"14":3,"15":2,"16":2,"17":2,"18":2,"19":2,"20":2,"21":2,"22":1,"23":1,"24":0,"25":2,"26":2,"27":2,"28":2,"29":2,"30":1,"31":1,"32":2,"33":2,"34":2,"35":1,"36":1,"37":1,"38":1,"39":1,"40":1,"41":0,"42":1,"43":1,"44":2,"45":2,"46":2,"47":1,"48":1,"49":1,"50":1,"51":1,"52":1,"53":0,"54":1,"55":2,"56":2,"57":2,"58":2,"59":2,"60":1,"61":1,"62":0,"63":2,"64":2,"65":2,"66":1,"67":1,"68":1,"69":1,"70":1,"71":1,"72":0,"73":1,"74":2,"75":2,"76":2,"77":1,"78":1,"79":1,"80":1,"81":1,"82":1,"83":0,"84":1,"85":2},"f":{"0":18,"1":18,"2":18,"3":3,"4":3,"5":2,"6":2,"7":2,"8":2,"9":2,"10":2,"11":2},"b":{"0":[2,1],"1":[2,1],"2":[2,1],"3":[2,2],"4":[8],"5":[5,13],"6":[1,1],"7":[1,0],"8":[1,0],"9":[1,1],"10":[1,0],"11":[1,0]},"_coverageSchema":"1a1c01bbd47fc00a2c39e90264f33305004495a9","hash":"9f26ecafaf37d50784b00ceb91da31b18a81ffaa"}
}
