TN:
SF:app.js
FN:17,(anonymous_0)
FN:22,(anonymous_1)
FN:25,(anonymous_2)
FN:28,(anonymous_3)
FN:31,(anonymous_4)
FN:34,(anonymous_5)
FN:37,(anonymous_6)
FN:40,(anonymous_7)
FN:53,(anonymous_8)
FNF:9
FNH:0
FNDA:0,(anonymous_0)
FNDA:0,(anonymous_1)
FNDA:0,(anonymous_2)
FNDA:0,(anonymous_3)
FNDA:0,(anonymous_4)
FNDA:0,(anonymous_5)
FNDA:0,(anonymous_6)
FNDA:0,(anonymous_7)
FNDA:0,(anonymous_8)
DA:1,0
DA:2,0
DA:3,0
DA:5,0
DA:8,0
DA:9,0
DA:10,0
DA:13,0
DA:14,0
DA:17,0
DA:18,0
DA:22,0
DA:23,0
DA:25,0
DA:26,0
DA:28,0
DA:29,0
DA:31,0
DA:32,0
DA:34,0
DA:35,0
DA:37,0
DA:38,0
DA:40,0
DA:41,0
DA:45,0
DA:46,0
DA:47,0
DA:48,0
DA:52,0
DA:53,0
DA:54,0
LF:32
LH:0
BRDA:52,0,0,0
BRDA:52,0,1,0
BRF:2
BRH:0
end_of_record
TN:
SF:routes/UPM.js
FN:5,(anonymous_0)
FN:9,(anonymous_1)
FNF:2
FNH:2
FNDA:2,(anonymous_0)
FNDA:2,(anonymous_1)
DA:1,1
DA:2,1
DA:3,1
DA:5,1
DA:6,2
DA:7,2
DA:9,2
DA:10,2
DA:11,1
DA:12,1
DA:13,1
DA:15,1
DA:19,1
LF:13
LH:13
BRDA:10,0,0,1
BRDA:10,0,1,1
BRF:2
BRH:2
end_of_record
TN:
SF:routes/event_management.js
FN:8,(anonymous_0)
FN:13,(anonymous_1)
FN:14,(anonymous_2)
FN:24,(anonymous_3)
FN:27,(anonymous_4)
FNF:5
FNH:5
FNDA:1,(anonymous_0)
FNDA:2,(anonymous_1)
FNDA:2,(anonymous_2)
FNDA:2,(anonymous_3)
FNDA:2,(anonymous_4)
DA:2,1
DA:3,1
DA:4,1
DA:5,1
DA:8,1
DA:9,1
DA:13,1
DA:14,2
DA:15,2
DA:16,1
DA:18,1
DA:24,1
DA:25,2
DA:26,2
DA:27,2
DA:28,2
DA:29,1
DA:30,1
DA:32,1
DA:33,1
DA:38,1
LF:21
LH:21
BRDA:15,0,0,1
BRDA:15,0,1,1
BRDA:28,1,0,1
BRDA:28,1,1,1
BRF:4
BRH:4
end_of_record
TN:
SF:routes/login.js
FN:8,(anonymous_0)
FN:13,(anonymous_1)
FN:15,(anonymous_2)
FN:16,(anonymous_3)
FNF:4
FNH:4
FNDA:1,(anonymous_0)
FNDA:4,(anonymous_1)
FNDA:4,(anonymous_2)
FNDA:4,(anonymous_3)
DA:2,2
DA:3,2
DA:4,2
DA:5,2
DA:8,2
DA:9,1
DA:13,2
DA:14,4
DA:15,4
DA:16,4
DA:17,4
DA:18,1
DA:20,3
DA:25,3
DA:26,1
DA:28,2
DA:29,2
DA:30,1
DA:32,1
DA:36,1
DA:40,2
LF:21
LH:21
BRDA:17,0,0,1
BRDA:17,0,1,3
BRDA:25,1,0,1
BRDA:25,1,1,2
BRDA:29,2,0,1
BRDA:29,2,1,1
BRF:6
BRH:6
end_of_record
TN:
SF:routes/register.js
FN:7,(anonymous_0)
FN:12,(anonymous_1)
FN:20,(anonymous_2)
FN:32,(anonymous_3)
FNF:4
FNH:3
FNDA:0,(anonymous_0)
FNDA:7,(anonymous_1)
FNDA:5,(anonymous_2)
FNDA:2,(anonymous_3)
DA:1,2
DA:2,2
DA:3,2
DA:4,2
DA:7,2
DA:8,0
DA:12,2
DA:13,7
DA:15,7
DA:16,2
DA:17,2
DA:20,5
DA:21,5
DA:22,1
DA:23,1
DA:25,4
DA:26,1
DA:28,3
DA:29,3
DA:30,3
DA:32,2
DA:33,2
DA:34,1
DA:36,1
DA:40,1
DA:46,2
LF:26
LH:25
BRDA:15,0,0,2
BRDA:15,0,1,5
BRDA:15,1,0,7
BRDA:15,1,1,6
BRDA:21,2,0,1
BRDA:21,2,1,4
BRDA:25,3,0,1
BRDA:25,3,1,3
BRDA:33,4,0,1
BRDA:33,4,1,1
BRF:10
BRH:10
end_of_record
TN:
SF:routes/vol_history.js
FN:7,(anonymous_0)
FN:12,(anonymous_1)
FN:24,(anonymous_2)
FNF:3
FNH:3
FNDA:2,(anonymous_0)
FNDA:2,(anonymous_1)
FNDA:1,(anonymous_2)
DA:1,2
DA:2,2
DA:3,2
DA:4,2
DA:7,2
DA:8,2
DA:13,2
DA:14,1
DA:15,1
DA:16,1
DA:18,1
DA:24,2
DA:25,1
DA:29,2
LF:14
LH:14
BRDA:13,0,0,1
BRDA:13,0,1,1
BRF:2
BRH:2
end_of_record
TN:
SF:routes/volunteer_matching.js
FN:18,(anonymous_0)
FN:19,(anonymous_1)
FN:20,(anonymous_2)
FN:32,(anonymous_3)
FN:37,(anonymous_4)
FN:45,(anonymous_5)
FN:65,(anonymous_6)
FN:80,(anonymous_7)
FN:105,(anonymous_8)
FN:129,(anonymous_9)
FN:149,(anonymous_10)
FN:173,(anonymous_11)
FNF:12
FNH:12
FNDA:18,(anonymous_0)
FNDA:18,(anonymous_1)
FNDA:18,(anonymous_2)
FNDA:3,(anonymous_3)
FNDA:3,(anonymous_4)
FNDA:2,(anonymous_5)
FNDA:2,(anonymous_6)
FNDA:2,(anonymous_7)
FNDA:2,(anonymous_8)
FNDA:2,(anonymous_9)
FNDA:2,(anonymous_10)
FNDA:2,(anonymous_11)
DA:2,2
DA:3,2
DA:4,2
DA:7,2
DA:18,2
DA:19,18
DA:20,18
DA:21,18
DA:22,5
DA:23,5
DA:25,13
DA:32,2
DA:33,3
DA:37,2
DA:38,3
DA:41,2
DA:42,2
DA:45,2
DA:46,2
DA:47,2
DA:48,2
DA:49,2
DA:50,1
DA:57,1
DA:60,0
DA:65,2
DA:66,2
DA:67,2
DA:68,2
DA:69,2
DA:73,1
DA:75,1
DA:80,2
DA:81,2
DA:82,2
DA:83,1
DA:84,1
DA:86,1
DA:87,1
DA:88,1
DA:89,1
DA:96,0
DA:99,1
DA:100,1
DA:105,2
DA:106,2
DA:107,2
DA:108,1
DA:109,1
DA:111,1
DA:112,1
DA:113,1
DA:114,1
DA:121,0
DA:124,1
DA:129,2
DA:130,2
DA:131,2
DA:132,2
DA:133,2
DA:134,1
DA:141,1
DA:144,0
DA:149,2
DA:150,2
DA:151,2
DA:152,1
DA:153,1
DA:155,1
DA:156,1
DA:157,1
DA:158,1
DA:165,0
DA:168,1
DA:173,2
DA:174,2
DA:175,2
DA:176,1
DA:177,1
DA:179,1
DA:180,1
DA:181,1
DA:182,1
DA:189,0
DA:192,1
DA:196,2
LF:86
LH:80
BRDA:8,0,0,2
BRDA:8,0,1,1
BRDA:9,1,0,2
BRDA:9,1,1,1
BRDA:10,2,0,2
BRDA:10,2,1,1
BRDA:11,3,0,2
BRDA:11,3,1,2
BRDA:18,4,0,8
BRDA:21,5,0,5
BRDA:21,5,1,13
BRDA:49,6,0,1
BRDA:49,6,1,1
BRDA:88,7,0,1
BRDA:88,7,1,0
BRDA:113,8,0,1
BRDA:113,8,1,0
BRDA:133,9,0,1
BRDA:133,9,1,1
BRDA:157,10,0,1
BRDA:157,10,1,0
BRDA:181,11,0,1
BRDA:181,11,1,0
BRF:23
BRH:19
end_of_record
